<?xml version="1.0" encoding="UTF-8"?>
<testng-results total="1" passed="1" failed="0" skipped="0">
  <reporter-output>
  </reporter-output>
  <suite started-at="2023-09-06T14:58:31Z" name="test.com.CarTest" finished-at="2023-09-06T14:58:41Z" duration-ms="9859">
    <groups>
    </groups>
    <test started-at="2023-09-06T14:58:31Z" name="Command line test" finished-at="2023-09-06T14:58:41Z" duration-ms="9859">
      <class name="test.com.CarTest">
        <test-method is-config="true" signature="setUpClass()[pri:0, instance:test.com.CarTest@5bb21b69]" started-at="2023-09-06T09:58:31Z" name="setUpClass" finished-at="2023-09-06T09:58:31Z" duration-ms="5" status="PASS">
          <reporter-output>
          </reporter-output>
        </test-method> <!-- setUpClass -->
        <test-method is-config="true" signature="setUpMethod()[pri:0, instance:test.com.CarTest@5bb21b69]" started-at="2023-09-06T09:58:31Z" name="setUpMethod" finished-at="2023-09-06T09:58:32Z" duration-ms="1001" status="PASS">
          <reporter-output>
          </reporter-output>
        </test-method> <!-- setUpMethod -->
        <test-method signature="testCarCom()[pri:0, instance:test.com.CarTest@5bb21b69]" started-at="2023-09-06T09:58:32Z" name="testCarCom" finished-at="2023-09-06T09:58:41Z" duration-ms="8848" status="PASS">
          <reporter-output>
          </reporter-output>
        </test-method> <!-- testCarCom -->
        <test-method is-config="true" signature="tearDownMethod()[pri:0, instance:test.com.CarTest@5bb21b69]" started-at="2023-09-06T09:58:41Z" name="tearDownMethod" finished-at="2023-09-06T09:58:41Z" duration-ms="0" status="PASS">
          <reporter-output>
          </reporter-output>
        </test-method> <!-- tearDownMethod -->
        <test-method is-config="true" signature="tearDownClass()[pri:0, instance:test.com.CarTest@5bb21b69]" started-at="2023-09-06T09:58:41Z" name="tearDownClass" finished-at="2023-09-06T09:58:41Z" duration-ms="0" status="PASS">
          <reporter-output>
          </reporter-output>
        </test-method> <!-- tearDownClass -->
      </class> <!-- test.com.CarTest -->
    </test> <!-- Command line test -->
  </suite> <!-- test.com.CarTest -->
</testng-results>
